[debug] [2022-04-24T20:17:07.336Z] ----------------------------------------------------------------------
[debug] [2022-04-24T20:17:07.337Z] Command:       /Users/gb/.nvm/versions/node/v16.13.2/bin/node /Users/gb/.nvm/versions/node/v16.13.2/bin/firebase init
[debug] [2022-04-24T20:17:07.338Z] CLI Version:   10.7.1
[debug] [2022-04-24T20:17:07.338Z] Platform:      darwin
[debug] [2022-04-24T20:17:07.338Z] Node Version:  v16.13.2
[debug] [2022-04-24T20:17:07.339Z] Time:          Sun Apr 24 2022 16:17:07 GMT-0400 (Eastern Daylight Time)
[debug] [2022-04-24T20:17:07.339Z] ----------------------------------------------------------------------
[debug] 
[debug] [2022-04-24T20:17:07.344Z] > command requires scopes: ["email","openid","https://www.googleapis.com/auth/cloudplatformprojects.readonly","https://www.googleapis.com/auth/firebase","https://www.googleapis.com/auth/cloud-platform"]
[debug] [2022-04-24T20:17:07.344Z] > authorizing via signed-in user (batton.guy@gmail.com)
[info] 
     ######## #### ########  ######## ########     ###     ######  ########
     ##        ##  ##     ## ##       ##     ##  ##   ##  ##       ##
     ######    ##  ########  ######   ########  #########  ######  ######
     ##        ##  ##    ##  ##       ##     ## ##     ##       ## ##
     ##       #### ##     ## ######## ########  ##     ##  ######  ########

You're about to initialize a Firebase project in this directory:

  /Users/gb/Projects/church-board/church-board

[info] 
=== Project Setup
[info] 
[info] First, let's associate this project directory with a Firebase project.
[info] You can create multiple project aliases by running firebase use --add, 
[info] but for now we'll just set up a default project.
[info] 
[debug] [2022-04-24T20:22:53.005Z] >>> [apiv2][query] GET https://firebase.googleapis.com/v1beta1/projects pageSize=100
[debug] [2022-04-24T20:22:53.566Z] <<< [apiv2][status] GET https://firebase.googleapis.com/v1beta1/projects 200
[debug] [2022-04-24T20:22:53.566Z] <<< [apiv2][body] GET https://firebase.googleapis.com/v1beta1/projects [omitted]
[info] i  Using project church-board-4ff13 (church-board) 
[info] 
=== Database Setup
[info] i  database: ensuring required API firebasedatabase.googleapis.com is enabled... 
[debug] [2022-04-24T20:22:55.423Z] >>> [apiv2][query] GET https://serviceusage.googleapis.com/v1/projects/church-board-4ff13/services/firebasedatabase.googleapis.com [none]
[debug] [2022-04-24T20:22:55.985Z] <<< [apiv2][status] GET https://serviceusage.googleapis.com/v1/projects/church-board-4ff13/services/firebasedatabase.googleapis.com 200
[debug] [2022-04-24T20:22:55.985Z] <<< [apiv2][body] GET https://serviceusage.googleapis.com/v1/projects/church-board-4ff13/services/firebasedatabase.googleapis.com [omitted]
[info] ✔  database: required API firebasedatabase.googleapis.com is enabled 
[info] 
[debug] [2022-04-24T20:22:55.986Z] > refreshing access token with scopes: ["email","https://www.googleapis.com/auth/cloud-platform","https://www.googleapis.com/auth/cloudplatformprojects.readonly","https://www.googleapis.com/auth/firebase","openid"]
[debug] [2022-04-24T20:22:55.987Z] >>> HTTP REQUEST POST https://www.googleapis.com/oauth2/v3/token  
 <request body omitted>
[debug] [2022-04-24T20:22:56.121Z] <<< HTTP RESPONSE 200 {"expires":"Mon, 01 Jan 1990 00:00:00 GMT","pragma":"no-cache","cache-control":"no-cache, no-store, max-age=0, must-revalidate","date":"Sun, 24 Apr 2022 20:22:56 GMT","content-type":"application/json; charset=utf-8","vary":"X-Origin, Referer, Origin,Accept-Encoding","server":"scaffolding on HTTPServer2","x-xss-protection":"0","x-frame-options":"SAMEORIGIN","x-content-type-options":"nosniff","alt-svc":"h3=\":443\"; ma=2592000,h3-29=\":443\"; ma=2592000,h3-Q050=\":443\"; ma=2592000,h3-Q046=\":443\"; ma=2592000,h3-Q043=\":443\"; ma=2592000,quic=\":443\"; ma=2592000; v=\"46,43\"","accept-ranges":"none","transfer-encoding":"chunked"}
[debug] [2022-04-24T20:22:56.168Z] >>> HTTP REQUEST GET https://firebasedatabase.googleapis.com/v1beta/projects/church-board-4ff13/locations/-/instances/church-board-4ff13-default-rtdb  
 
[debug] [2022-04-24T20:22:56.597Z] <<< HTTP RESPONSE 200 {"content-type":"application/json; charset=UTF-8","vary":"X-Origin, Referer, Origin,Accept-Encoding","date":"Sun, 24 Apr 2022 20:22:56 GMT","server":"ESF","cache-control":"private","x-xss-protection":"0","x-frame-options":"SAMEORIGIN","x-content-type-options":"nosniff","alt-svc":"h3=\":443\"; ma=2592000,h3-29=\":443\"; ma=2592000,h3-Q050=\":443\"; ma=2592000,h3-Q046=\":443\"; ma=2592000,h3-Q043=\":443\"; ma=2592000,quic=\":443\"; ma=2592000; v=\"46,43\"","accept-ranges":"none","transfer-encoding":"chunked"}
[info] 
[info] Firebase Realtime Database Security Rules allow you to define how your data should be
[info] structured and when your data can be read from and written to.
[info] 
[debug] [2022-04-24T20:23:07.533Z] >>> HTTP REQUEST GET https://church-board-4ff13-default-rtdb.firebaseio.com/.settings/rules.json  
 
[debug] [2022-04-24T20:23:07.859Z] <<< HTTP RESPONSE 200 {"server":"nginx","date":"Sun, 24 Apr 2022 20:23:07 GMT","content-type":"application/json; charset=utf-8","content-length":"60","connection":"keep-alive","access-control-allow-origin":"*","cache-control":"no-cache","strict-transport-security":"max-age=31556926; includeSubDomains; preload"}
[info] ✔  Database Rules for church-board-4ff13-default-rtdb have been written to database.rules.json. 
[info] Future modifications to database.rules.json will update Realtime Database Security Rules when you run
[info] firebase deploy.
[info] 
=== Hosting Setup
[info] 
[info] Your public directory is the folder (relative to your project directory) that
[info] will contain Hosting assets to be uploaded with firebase deploy. If you
[info] have a build process for your assets, use your build's output directory.
[info] 
[info] ✔  Wrote public/404.html 
[debug] [2022-04-24T20:23:41.895Z] >>> [apiv2][query] GET https://www.gstatic.com/firebasejs/releases.json [none]
[debug] [2022-04-24T20:23:42.124Z] <<< [apiv2][status] GET https://www.gstatic.com/firebasejs/releases.json 200
[debug] [2022-04-24T20:23:42.124Z] <<< [apiv2][body] GET https://www.gstatic.com/firebasejs/releases.json {"current":{"version":"9.6.11","browserURL":"https://www.gstatic.com/firebasejs/9.6.11/firebase.js","packageURL":"https://www.gstatic.com/firebasejs/9.6.11/firebase.tgz"},"live":{"version":"9.6","browserURL":"https://www.gstatic.com/firebasejs/live/9.6/firebase.js","packageURL":"https://www.gstatic.com/firebasejs/live/9.6/firebase.tgz"},"components":{"analytics":"https://www.gstatic.com/firebasejs/9.6.11/firebase-analytics.js","app":"https://www.gstatic.com/firebasejs/9.6.11/firebase-app.js","app-check":"https://www.gstatic.com/firebasejs/9.6.11/firebase-app-check.js","auth":"https://www.gstatic.com/firebasejs/9.6.11/firebase-auth.js","auth/cordova":"https://www.gstatic.com/firebasejs/9.6.11/firebase-auth/cordova.js","auth/react-native":"https://www.gstatic.com/firebasejs/9.6.11/firebase-auth/react-native.js","functions":"https://www.gstatic.com/firebasejs/9.6.11/firebase-functions.js","firestore":"https://www.gstatic.com/firebasejs/9.6.11/firebase-firestore.js","firestore/lite":"https://www.gstatic.com/firebasejs/9.6.11/firebase-firestore/lite.js","storage":"https://www.gstatic.com/firebasejs/9.6.11/firebase-storage.js","performance":"https://www.gstatic.com/firebasejs/9.6.11/firebase-performance.js","remote-config":"https://www.gstatic.com/firebasejs/9.6.11/firebase-remote-config.js","messaging":"https://www.gstatic.com/firebasejs/9.6.11/firebase-messaging.js","messaging/sw":"https://www.gstatic.com/firebasejs/9.6.11/firebase-messaging/sw.js","database":"https://www.gstatic.com/firebasejs/9.6.11/firebase-database.js","firestore.memory":"https://www.gstatic.com/firebasejs/9.6.11/firebase-firestore.memory.js"}}
[info] ✔  Wrote public/index.html 
[info] 
[info] i  Detected a .git folder at /Users/gb/Projects/church-board/church-board 
[info] i  Authorizing with GitHub to upload your service account to a GitHub repository's secrets store. 
[info] 
[info] Visit this URL on this device to log in:
[info] https://github.com/login/oauth/authorize?client_id=89cf50f02ac6aaed3484&state=461519816&redirect_uri=http%3A%2F%2Flocalhost%3A9005&scope=read%3Auser%20repo%20public_repo
[info] 
[info] Waiting for authentication...
[debug] [2022-04-24T20:23:59.198Z] >>> HTTP REQUEST POST https://github.com/login/oauth/access_token  
 {"client_id":"89cf50f02ac6aaed3484","client_secret":"3330d14abc895d9a74d5f17cd7a00711fa2c5bf0","code":"4afc9beff5c95941d87b","redirect_uri":"http://localhost:9005","state":"461519816"}
[debug] [2022-04-24T20:23:59.466Z] <<< HTTP RESPONSE 200 {"server":"GitHub.com","date":"Sun, 24 Apr 2022 20:23:59 GMT","content-type":"application/json; charset=utf-8","transfer-encoding":"chunked","vary":"X-PJAX, X-PJAX-Container, Accept-Encoding, Accept, X-Requested-With","permissions-policy":"interest-cohort=()","etag":"W/\"24bb054c3664deccd1be3e3453fc3f46\"","cache-control":"max-age=0, private, must-revalidate","strict-transport-security":"max-age=31536000; includeSubdomains; preload","x-frame-options":"deny","x-content-type-options":"nosniff","x-xss-protection":"0","referrer-policy":"origin-when-cross-origin, strict-origin-when-cross-origin","expect-ct":"max-age=2592000, report-uri=\"https://api.github.com/_private/browser/errors\"","content-security-policy":"default-src 'none'; base-uri 'self'; block-all-mixed-content; child-src github.com/assets-cdn/worker/ gist.github.com/assets-cdn/worker/; connect-src 'self' uploads.github.com objects-origin.githubusercontent.com www.githubstatus.com collector.github.com raw.githubusercontent.com api.github.com github-cloud.s3.amazonaws.com github-production-repository-file-5c1aeb.s3.amazonaws.com github-production-upload-manifest-file-7fdce7.s3.amazonaws.com github-production-user-asset-6210df.s3.amazonaws.com cdn.optimizely.com logx.optimizely.com/v1/events translator.github.com *.actions.githubusercontent.com wss://*.actions.githubusercontent.com online.visualstudio.com/api/v1/locations github-production-repository-image-32fea6.s3.amazonaws.com github-production-release-asset-2e65be.s3.amazonaws.com insights.github.com wss://alive.github.com; font-src github.githubassets.com; form-action 'self' github.com gist.github.com objects-origin.githubusercontent.com; frame-ancestors 'none'; frame-src render.githubusercontent.com viewscreen.githubusercontent.com notebooks.githubusercontent.com; img-src 'self' data: github.githubassets.com identicons.github.com github-cloud.s3.amazonaws.com secured-user-images.githubusercontent.com/ *.githubusercontent.com; manifest-src 'self'; media-src github.com user-images.githubusercontent.com/; script-src github.githubassets.com; style-src 'unsafe-inline' github.githubassets.com; worker-src github.com/assets-cdn/worker/ gist.github.com/assets-cdn/worker/","x-github-request-id":"D8CE:1874:1A2F150:2C0672B:6265B1DF"}
[debug] [2022-04-24T20:23:59.471Z] >>> [apiv2][query] GET https://api.github.com/user [none]
[debug] [2022-04-24T20:23:59.731Z] <<< [apiv2][status] GET https://api.github.com/user 200
[debug] [2022-04-24T20:23:59.731Z] <<< [apiv2][body] GET https://api.github.com/user {"login":"neobats","id":41213716,"node_id":"MDQ6VXNlcjQxMjEzNzE2","avatar_url":"https://avatars.githubusercontent.com/u/41213716?v=4","gravatar_id":"","url":"https://api.github.com/users/neobats","html_url":"https://github.com/neobats","followers_url":"https://api.github.com/users/neobats/followers","following_url":"https://api.github.com/users/neobats/following{/other_user}","gists_url":"https://api.github.com/users/neobats/gists{/gist_id}","starred_url":"https://api.github.com/users/neobats/starred{/owner}{/repo}","subscriptions_url":"https://api.github.com/users/neobats/subscriptions","organizations_url":"https://api.github.com/users/neobats/orgs","repos_url":"https://api.github.com/users/neobats/repos","events_url":"https://api.github.com/users/neobats/events{/privacy}","received_events_url":"https://api.github.com/users/neobats/received_events","type":"User","site_admin":false,"name":"Guy Batton","company":"@cremalab","blog":"","location":"Missouri","email":null,"hireable":true,"bio":"Husband, Father, Application Developer, Functional Programming Enthusiast, Interaction Designer, Poet","twitter_username":null,"public_repos":33,"public_gists":0,"followers":3,"following":6,"created_at":"2018-07-13T22:21:16Z","updated_at":"2022-04-06T18:25:42Z","private_gists":0,"total_private_repos":1,"owned_private_repos":0,"disk_usage":37352,"collaborators":0,"two_factor_authentication":true,"plan":{"name":"pro","space":976562499,"collaborators":0,"private_repos":9999}}
[info] 
[info] ✔  Success! Logged into GitHub as neobats 
[info] 
